0001_0013_0026_0034_0034.jpg 1 13 26 34 34
0002_0049_0040_0030_0030.jpg 1 49 40 30 30
0003_0015_0007_0046_0046.jpg 1 15 7 46 46
0004_0007_0054_0031_0031.jpg 1 7 54 31 31
0005_0027_0023_0047_0047.jpg 1 27 23 47 47
0006_0008_0007_0069_0069.jpg 1 8 7 69 69
0007_0049_0018_0031_0031.jpg 1 49 18 31 31
0008_0027_0012_0042_0042.jpg 1 27 12 42 42
0009_0009_0047_0039_0039.jpg 1 9 47 39 39
0010_0028_0032_0054_0054.jpg 1 28 32 54 54
0011_0006_0021_0058_0058.jpg 1 6 21 58 58
0012_0040_0040_0041_0041.jpg 1 40 40 41 41
0013_0033_0040_0031_0031.jpg 1 33 40 31 31
0014_0044_0024_0028_0028.jpg 1 44 24 28 28
0015_0019_0012_0053_0053.jpg 1 19 12 53 53
0016_0043_0024_0043_0043.jpg 1 43 24 43 43
0017_0027_0033_0052_0052.jpg 1 27 33 52 52
0018_0014_0017_0025_0025.jpg 1 14 17 25 25
0019_0018_0033_0058_0058.jpg 1 18 33 58 58
0020_0038_0032_0049_0049.jpg 1 38 32 49 49
0021_0021_0015_0066_0066.jpg 1 21 15 66 66
0022_0007_0018_0063_0063.jpg 1 7 18 63 63
0023_0021_0004_0067_0067.jpg 1 21 4 67 67
0024_0016_0024_0027_0027.jpg 1 16 24 27 27
0025_0014_0023_0059_0059.jpg 1 14 23 59 59
0026_0015_0016_0034_0034.jpg 1 15 16 34 34
0027_0017_0009_0064_0064.jpg 1 17 9 64 64
0028_0023_0020_0053_0053.jpg 1 23 20 53 53
0029_0024_0029_0025_0025.jpg 1 24 29 25 25
0030_0018_0014_0044_0044.jpg 1 18 14 44 44
0031_0030_0022_0040_0040.jpg 1 30 22 40 40
0032_0022_0018_0049_0049.jpg 1 22 18 49 49
0033_0009_0020_0045_0045.jpg 1 9 20 45 45
0034_0007_0024_0049_0049.jpg 1 7 24 49 49
0035_0019_0039_0032_0032.jpg 1 19 39 32 32
0036_0028_0015_0038_0038.jpg 1 28 15 38 38
0037_0056_0027_0024_0024.jpg 1 56 27 24 24
0038_0003_0004_0064_0064.jpg 1 3 4 64 64
0039_0011_0021_0041_0041.jpg 1 11 21 41 41
0040_0008_0022_0067_0067.jpg 1 8 22 67 67
0041_0003_0012_0068_0068.jpg 1 3 12 68 68
0042_0041_0044_0028_0028.jpg 1 41 44 28 28
0043_0025_0029_0057_0057.jpg 1 25 29 57 57
0044_0018_0024_0057_0057.jpg 1 18 24 57 57
0045_0012_0029_0048_0048.jpg 1 12 29 48 48
0046_0014_0014_0044_0044.jpg 1 14 14 44 44
0047_0005_0011_0066_0066.jpg 1 5 11 66 66
0048_0035_0009_0049_0049.jpg 1 35 9 49 49
0049_0016_0006_0041_0041.jpg 1 16 6 41 41
0050_0013_0008_0051_0051.jpg 1 13 8 51 51
0051_0020_0019_0067_0067.jpg 1 20 19 67 67
0052_0011_0024_0030_0030.jpg 1 11 24 30 30
0053_0011_0038_0034_0034.jpg 1 11 38 34 34
0054_0039_0027_0044_0044.jpg 1 39 27 44 44
0055_0041_0028_0036_0036.jpg 1 41 28 36 36
0056_0031_0036_0045_0045.jpg 1 31 36 45 45
0057_0042_0006_0040_0040.jpg 1 42 6 40 40
0058_0027_0013_0038_0038.jpg 1 27 13 38 38
0059_0029_0010_0048_0048.jpg 1 29 10 48 48
0060_0012_0022_0051_0051.jpg 1 12 22 51 51
0061_0032_0033_0050_0050.jpg 1 32 33 50 50
0062_0023_0016_0066_0066.jpg 1 23 16 66 66
0063_0009_0016_0068_0068.jpg 1 9 16 68 68
0064_0030_0024_0029_0029.jpg 1 30 24 29 29
0065_0033_0013_0057_0057.jpg 1 33 13 57 57
0066_0011_0021_0032_0032.jpg 1 11 21 32 32
0067_0045_0052_0031_0031.jpg 1 45 52 31 31
0068_0045_0012_0026_0026.jpg 1 45 12 26 26
0069_0018_0050_0032_0032.jpg 1 18 50 32 32
0070_0026_0020_0063_0063.jpg 1 26 20 63 63
0071_0020_0017_0067_0067.jpg 1 20 17 67 67
0072_0013_0012_0025_0025.jpg 1 13 12 25 25
0073_0011_0018_0065_0065.jpg 1 11 18 65 65
0074_0033_0039_0041_0041.jpg 1 33 39 41 41
0075_0014_0018_0055_0055.jpg 1 14 18 55 55
0076_0026_0026_0041_0041.jpg 1 26 26 41 41
0077_0011_0021_0039_0039.jpg 1 11 21 39 39
0078_0023_0013_0064_0064.jpg 1 23 13 64 64
0079_0041_0010_0027_0027.jpg 1 41 10 27 27
0080_0023_0020_0063_0063.jpg 1 23 20 63 63
0081_0023_0020_0056_0056.jpg 1 23 20 56 56
0082_0039_0035_0042_0042.jpg 1 39 35 42 42
0083_0030_0033_0024_0024.jpg 1 30 33 24 24
0084_0007_0010_0043_0043.jpg 1 7 10 43 43
0085_0034_0051_0026_0026.jpg 1 34 51 26 26
0086_0037_0045_0030_0030.jpg 1 37 45 30 30
0087_0048_0046_0037_0037.jpg 1 48 46 37 37
0088_0023_0029_0040_0040.jpg 1 23 29 40 40
0089_0012_0040_0044_0044.jpg 1 12 40 44 44
0090_0031_0046_0036_0036.jpg 1 31 46 36 36
0091_0026_0016_0052_0052.jpg 1 26 16 52 52
0092_0020_0038_0037_0037.jpg 1 20 38 37 37
0093_0039_0027_0041_0041.jpg 1 39 27 41 41
0094_0011_0019_0066_0066.jpg 1 11 19 66 66
0095_0034_0018_0048_0048.jpg 1 34 18 48 48
0096_0020_0009_0059_0059.jpg 1 20 9 59 59
0097_0050_0028_0030_0030.jpg 1 50 28 30 30
0098_0027_0007_0056_0056.jpg 1 27 7 56 56
0099_0029_0021_0043_0043.jpg 1 29 21 43 43
0100_0006_0025_0061_0061.jpg 1 6 25 61 61
0101_0004_0022_0062_0062.jpg 1 4 22 62 62
0102_0008_0006_0069_0069.jpg 1 8 6 69 69
0103_0025_0018_0056_0056.jpg 1 25 18 56 56
0104_0018_0029_0045_0045.jpg 1 18 29 45 45
0105_0014_0030_0030_0030.jpg 1 14 30 30 30
0106_0043_0040_0034_0034.jpg 1 43 40 34 34
0107_0013_0012_0065_0065.jpg 1 13 12 65 65
0108_0033_0029_0052_0052.jpg 1 33 29 52 52
0109_0043_0013_0041_0041.jpg 1 43 13 41 41
0110_0014_0020_0064_0064.jpg 1 14 20 64 64
0111_0021_0030_0061_0061.jpg 1 21 30 61 61
0112_0050_0019_0032_0032.jpg 1 50 19 32 32
0113_0028_0006_0040_0040.jpg 1 28 6 40 40
0114_0014_0023_0065_0065.jpg 1 14 23 65 65
0115_0007_0024_0041_0041.jpg 1 7 24 41 41
0116_0020_0040_0040_0040.jpg 1 20 40 40 40
0117_0038_0050_0029_0029.jpg 1 38 50 29 29
0118_0032_0014_0038_0038.jpg 1 32 14 38 38
0119_0028_0030_0060_0060.jpg 1 28 30 60 60
0120_0036_0019_0045_0045.jpg 1 36 19 45 45
0121_0029_0005_0060_0060.jpg 1 29 5 60 60
0122_0007_0050_0024_0024.jpg 1 7 50 24 24
0123_0029_0015_0063_0063.jpg 1 29 15 63 63
0124_0007_0017_0055_0055.jpg 1 7 17 55 55
0125_0031_0009_0040_0040.jpg 1 31 9 40 40
0126_0006_0024_0067_0067.jpg 1 6 24 67 67
0127_0018_0024_0059_0059.jpg 1 18 24 59 59
0128_0032_0012_0038_0038.jpg 1 32 12 38 38
0129_0013_0035_0054_0054.jpg 1 13 35 54 54
0130_0006_0021_0039_0039.jpg 1 6 21 39 39
0131_0006_0019_0051_0051.jpg 1 6 19 51 51
0132_0009_0048_0036_0036.jpg 1 9 48 36 36
0133_0020_0012_0027_0027.jpg 1 20 12 27 27
0134_0041_0038_0034_0034.jpg 1 41 38 34 34
0135_0010_0019_0029_0029.jpg 1 10 19 29 29
0136_0007_0005_0057_0057.jpg 1 7 5 57 57
0137_0029_0053_0027_0027.jpg 1 29 53 27 27
0138_0011_0049_0031_0031.jpg 1 11 49 31 31
0139_0015_0022_0028_0028.jpg 1 15 22 28 28
0140_0011_0023_0045_0045.jpg 1 11 23 45 45
0141_0013_0009_0041_0041.jpg 1 13 9 41 41
0142_0038_0048_0035_0035.jpg 1 38 48 35 35
0143_0009_0018_0056_0056.jpg 1 9 18 56 56
0144_0038_0020_0040_0040.jpg 1 38 20 40 40
0145_0012_0016_0059_0059.jpg 1 12 16 59 59
0146_0008_0027_0059_0059.jpg 1 8 27 59 59
0147_0017_0028_0063_0063.jpg 1 17 28 63 63
0148_0036_0046_0042_0042.jpg 1 36 46 42 42
0149_0041_0044_0027_0027.jpg 1 41 44 27 27
0150_0023_0032_0027_0027.jpg 1 23 32 27 27
0151_0020_0020_0042_0042.jpg 1 20 20 42 42
0152_0057_0031_0024_0024.jpg 1 57 31 24 24
0153_0008_0018_0054_0054.jpg 1 8 18 54 54
0154_0013_0023_0060_0060.jpg 1 13 23 60 60
0155_0031_0010_0048_0048.jpg 1 31 10 48 48
0156_0031_0038_0051_0051.jpg 1 31 38 51 51
0157_0046_0043_0039_0039.jpg 1 46 43 39 39
0158_0014_0008_0067_0067.jpg 1 14 8 67 67
0159_0038_0020_0050_0050.jpg 1 38 20 50 50
0160_0029_0029_0058_0058.jpg 1 29 29 58 58
0161_0017_0046_0031_0031.jpg 1 17 46 31 31
0162_0015_0024_0066_0066.jpg 1 15 24 66 66
0163_0021_0004_0060_0060.jpg 1 21 4 60 60
0164_0020_0017_0064_0064.jpg 1 20 17 64 64
0165_0050_0010_0030_0030.jpg 1 50 10 30 30
0166_0016_0035_0041_0041.jpg 1 16 35 41 41
0167_0007_0039_0038_0038.jpg 1 7 39 38 38
0168_0024_0030_0056_0056.jpg 1 24 30 56 56
0169_0022_0028_0049_0049.jpg 1 22 28 49 49
0170_0020_0007_0056_0056.jpg 1 20 7 56 56
0171_0016_0024_0063_0063.jpg 1 16 24 63 63
0172_0018_0020_0068_0068.jpg 1 18 20 68 68
0173_0046_0046_0025_0025.jpg 1 46 46 25 25
0174_0007_0019_0027_0027.jpg 1 7 19 27 27
0175_0025_0037_0051_0051.jpg 1 25 37 51 51
0176_0026_0042_0038_0038.jpg 1 26 42 38 38
0177_0007_0029_0062_0062.jpg 1 7 29 62 62
0178_0016_0032_0035_0035.jpg 1 16 32 35 35
0179_0022_0012_0063_0063.jpg 1 22 12 63 63
0180_0030_0027_0059_0059.jpg 1 30 27 59 59
0181_0020_0039_0039_0039.jpg 1 20 39 39 39
0182_0013_0008_0065_0065.jpg 1 13 8 65 65
0183_0018_0020_0067_0067.jpg 1 18 20 67 67
0184_0022_0016_0053_0053.jpg 1 22 16 53 53
0185_0016_0011_0051_0051.jpg 1 16 11 51 51
0186_0043_0021_0029_0029.jpg 1 43 21 29 29
0187_0023_0043_0042_0042.jpg 1 23 43 42 42
0188_0006_0034_0049_0049.jpg 1 6 34 49 49
0189_0045_0019_0028_0028.jpg 1 45 19 28 28
0190_0020_0007_0065_0065.jpg 1 20 7 65 65
0191_0023_0009_0048_0048.jpg 1 23 9 48 48
0192_0048_0037_0026_0026.jpg 1 48 37 26 26
0193_0014_0014_0066_0066.jpg 1 14 14 66 66
0194_0018_0027_0054_0054.jpg 1 18 27 54 54
0195_0027_0022_0057_0057.jpg 1 27 22 57 57
0196_0021_0021_0048_0048.jpg 1 21 21 48 48
0197_0011_0021_0049_0049.jpg 1 11 21 49 49
0198_0013_0010_0043_0043.jpg 1 13 10 43 43
0199_0031_0030_0043_0043.jpg 1 31 30 43 43
0200_0011_0022_0057_0057.jpg 1 11 22 57 57
0201_0029_0032_0038_0038.jpg 1 29 32 38 38
0202_0026_0029_0051_0051.jpg 1 26 29 51 51
0203_0019_0007_0064_0064.jpg 1 19 7 64 64
0204_0044_0012_0033_0033.jpg 1 44 12 33 33
0205_0024_0031_0051_0051.jpg 1 24 31 51 51
0206_0012_0034_0035_0035.jpg 1 12 34 35 35
0207_0027_0037_0049_0049.jpg 1 27 37 49 49
0208_0032_0006_0047_0047.jpg 1 32 6 47 47
0209_0003_0021_0069_0069.jpg 1 3 21 69 69
0210_0020_0004_0067_0067.jpg 1 20 4 67 67
0211_0017_0035_0034_0034.jpg 1 17 35 34 34
0212_0004_0015_0069_0069.jpg 1 4 15 69 69
0213_0037_0007_0048_0048.jpg 1 37 7 48 48
0214_0020_0003_0069_0069.jpg 1 20 3 69 69
0215_0023_0024_0059_0059.jpg 1 23 24 59 59
0216_0007_0026_0055_0055.jpg 1 7 26 55 55
0217_0033_0020_0047_0047.jpg 1 33 20 47 47
0218_0006_0016_0044_0044.jpg 1 6 16 44 44
0219_0009_0016_0058_0058.jpg 1 9 16 58 58
0220_0007_0015_0068_0068.jpg 1 7 15 68 68
0221_0014_0007_0063_0063.jpg 1 14 7 63 63
0222_0015_0005_0069_0069.jpg 1 15 5 69 69
0223_0007_0027_0029_0029.jpg 1 7 27 29 29
0224_0020_0005_0066_0066.jpg 1 20 5 66 66
0225_0013_0008_0045_0045.jpg 1 13 8 45 45
0226_0013_0050_0027_0027.jpg 1 13 50 27 27
0227_0025_0025_0066_0066.jpg 1 25 25 66 66
0228_0014_0034_0055_0055.jpg 1 14 34 55 55
0229_0057_0043_0025_0025.jpg 1 57 43 25 25
0230_0038_0032_0047_0047.jpg 1 38 32 47 47
0231_0012_0033_0054_0054.jpg 1 12 33 54 54
0232_0018_0043_0034_0034.jpg 1 18 43 34 34
0233_0019_0015_0056_0056.jpg 1 19 15 56 56
0234_0050_0016_0029_0029.jpg 1 50 16 29 29
0235_0035_0025_0042_0042.jpg 1 35 25 42 42
0236_0013_0044_0031_0031.jpg 1 13 44 31 31
0237_0004_0023_0063_0063.jpg 1 4 23 63 63
0238_0006_0028_0044_0044.jpg 1 6 28 44 44
0239_0020_0037_0049_0049.jpg 1 20 37 49 49
0240_0019_0030_0057_0057.jpg 1 19 30 57 57
0241_0035_0007_0044_0044.jpg 1 35 7 44 44
0242_0028_0013_0028_0028.jpg 1 28 13 28 28
0243_0028_0020_0064_0064.jpg 1 28 20 64 64
0244_0014_0027_0046_0046.jpg 1 14 27 46 46
0245_0016_0030_0042_0042.jpg 1 16 30 42 42
0246_0009_0056_0027_0027.jpg 1 9 56 27 27
0247_0020_0037_0050_0050.jpg 1 20 37 50 50
0248_0017_0011_0055_0055.jpg 1 17 11 55 55
0249_0030_0032_0055_0055.jpg 1 30 32 55 55
0250_0009_0009_0064_0064.jpg 1 9 9 64 64
0251_0015_0021_0062_0062.jpg 1 15 21 62 62
0252_0024_0022_0067_0067.jpg 1 24 22 67 67
0253_0024_0025_0040_0040.jpg 1 24 25 40 40
0254_0033_0031_0046_0046.jpg 1 33 31 46 46
0255_0007_0018_0057_0057.jpg 1 7 18 57 57
0256_0023_0034_0034_0034.jpg 1 23 34 34 34
0257_0036_0047_0028_0028.jpg 1 36 47 28 28
0258_0019_0021_0036_0036.jpg 1 19 21 36 36
0259_0019_0005_0061_0061.jpg 1 19 5 61 61
0260_0019_0022_0067_0067.jpg 1 19 22 67 67
0261_0040_0051_0028_0028.jpg 1 40 51 28 28
0262_0043_0024_0031_0031.jpg 1 43 24 31 31
0263_0007_0023_0066_0066.jpg 1 7 23 66 66
0264_0043_0038_0043_0043.jpg 1 43 38 43 43
0265_0020_0022_0064_0064.jpg 1 20 22 64 64
0266_0018_0005_0060_0060.jpg 1 18 5 60 60
0267_0034_0016_0053_0053.jpg 1 34 16 53 53
0268_0025_0027_0057_0057.jpg 1 25 27 57 57
0269_0014_0038_0034_0034.jpg 1 14 38 34 34
0270_0028_0042_0036_0036.jpg 1 28 42 36 36
0271_0040_0017_0041_0041.jpg 1 40 17 41 41
0272_0028_0040_0039_0039.jpg 1 28 40 39 39
0273_0011_0008_0055_0055.jpg 1 11 8 55 55
0274_0027_0054_0030_0030.jpg 1 27 54 30 30
0275_0022_0024_0060_0060.jpg 1 22 24 60 60
0276_0009_0017_0047_0047.jpg 1 9 17 47 47
0277_0009_0024_0065_0065.jpg 1 9 24 65 65
0278_0019_0003_0068_0068.jpg 1 19 3 68 68
0279_0035_0030_0032_0032.jpg 1 35 30 32 32
0280_0043_0050_0036_0036.jpg 1 43 50 36 36
0281_0022_0031_0059_0059.jpg 1 22 31 59 59
0282_0031_0019_0057_0057.jpg 1 31 19 57 57
0283_0028_0023_0036_0036.jpg 1 28 23 36 36
0284_0008_0006_0066_0066.jpg 1 8 6 66 66
0285_0010_0009_0036_0036.jpg 1 10 9 36 36
0286_0011_0019_0050_0050.jpg 1 11 19 50 50
0287_0026_0046_0040_0040.jpg 1 26 46 40 40
0288_0046_0008_0040_0040.jpg 1 46 8 40 40
0289_0043_0038_0045_0045.jpg 1 43 38 45 45
0290_0004_0014_0064_0064.jpg 1 4 14 64 64
0291_0030_0032_0056_0056.jpg 1 30 32 56 56
0292_0035_0030_0031_0031.jpg 1 35 30 31 31
0293_0022_0005_0066_0066.jpg 1 22 5 66 66
0294_0014_0010_0067_0067.jpg 1 14 10 67 67
0295_0019_0026_0049_0049.jpg 1 19 26 49 49
0296_0031_0022_0034_0034.jpg 1 31 22 34 34
0297_0016_0022_0066_0066.jpg 1 16 22 66 66
0298_0010_0037_0033_0033.jpg 1 10 37 33 33
0299_0011_0054_0025_0025.jpg 1 11 54 25 25
0300_0036_0049_0032_0032.jpg 1 36 49 32 32
0301_0027_0025_0051_0051.jpg 1 27 25 51 51
0302_0023_0014_0063_0063.jpg 1 23 14 63 63
0303_0015_0011_0048_0048.jpg 1 15 11 48 48
0304_0010_0033_0046_0046.jpg 1 10 33 46 46
0305_0006_0038_0041_0041.jpg 1 6 38 41 41
0306_0005_0029_0057_0057.jpg 1 5 29 57 57
0307_0048_0014_0036_0036.jpg 1 48 14 36 36
0308_0022_0009_0027_0027.jpg 1 22 9 27 27
0309_0004_0011_0067_0067.jpg 1 4 11 67 67
0310_0035_0015_0038_0038.jpg 1 35 15 38 38
0311_0013_0029_0052_0052.jpg 1 13 29 52 52
0312_0033_0033_0032_0032.jpg 1 33 33 32 32
0313_0016_0008_0067_0067.jpg 1 16 8 67 67
0314_0027_0021_0062_0062.jpg 1 27 21 62 62
0315_0020_0022_0051_0051.jpg 1 20 22 51 51
0316_0025_0008_0056_0056.jpg 1 25 8 56 56
0317_0008_0026_0038_0038.jpg 1 8 26 38 38
0318_0024_0006_0042_0042.jpg 1 24 6 42 42
0319_0010_0018_0065_0065.jpg 1 10 18 65 65
0320_0026_0016_0050_0050.jpg 1 26 16 50 50
0321_0044_0021_0029_0029.jpg 1 44 21 29 29
0322_0024_0007_0063_0063.jpg 1 24 7 63 63
0323_0022_0031_0038_0038.jpg 1 22 31 38 38
0324_0028_0014_0033_0033.jpg 1 28 14 33 33
0325_0022_0009_0049_0049.jpg 1 22 9 49 49
0326_0032_0037_0024_0024.jpg 1 32 37 24 24
0327_0018_0029_0025_0025.jpg 1 18 29 25 25
0328_0024_0018_0054_0054.jpg 1 24 18 54 54
0329_0036_0014_0027_0027.jpg 1 36 14 27 27
0330_0035_0042_0034_0034.jpg 1 35 42 34 34
0331_0041_0032_0028_0028.jpg 1 41 32 28 28
0332_0041_0008_0045_0045.jpg 1 41 8 45 45
0333_0021_0006_0060_0060.jpg 1 21 6 60 60
0334_0032_0048_0031_0031.jpg 1 32 48 31 31
0335_0037_0025_0031_0031.jpg 1 37 25 31 31
0336_0029_0015_0054_0054.jpg 1 29 15 54 54
0337_0034_0042_0024_0024.jpg 1 34 42 24 24
0338_0056_0009_0028_0028.jpg 1 56 9 28 28
0339_0026_0016_0057_0057.jpg 1 26 16 57 57
0340_0036_0045_0035_0035.jpg 1 36 45 35 35
0341_0032_0016_0057_0057.jpg 1 32 16 57 57
0342_0033_0053_0027_0027.jpg 1 33 53 27 27
0343_0020_0036_0027_0027.jpg 1 20 36 27 27
0344_0013_0017_0067_0067.jpg 1 13 17 67 67
0345_0016_0024_0063_0063.jpg 1 16 24 63 63
0346_0027_0015_0057_0057.jpg 1 27 15 57 57
0347_0017_0020_0054_0054.jpg 1 17 20 54 54
0348_0007_0016_0064_0064.jpg 1 7 16 64 64
0349_0013_0024_0044_0044.jpg 1 13 24 44 44
0350_0021_0012_0029_0029.jpg 1 21 12 29 29
0351_0021_0019_0066_0066.jpg 1 21 19 66 66
0352_0034_0021_0051_0051.jpg 1 34 21 51 51
0353_0005_0006_0060_0060.jpg 1 5 6 60 60
0354_0019_0018_0068_0068.jpg 1 19 18 68 68
0355_0006_0014_0043_0043.jpg 1 6 14 43 43
0356_0049_0015_0029_0029.jpg 1 49 15 29 29
0357_0027_0008_0029_0029.jpg 1 27 8 29 29
0358_0015_0016_0050_0050.jpg 1 15 16 50 50
0359_0020_0039_0037_0037.jpg 1 20 39 37 37
0360_0025_0016_0027_0027.jpg 1 25 16 27 27
0361_0013_0013_0060_0060.jpg 1 13 13 60 60
0362_0004_0005_0066_0066.jpg 1 4 5 66 66
0363_0029_0007_0058_0058.jpg 1 29 7 58 58
0364_0031_0025_0029_0029.jpg 1 31 25 29 29
0365_0015_0009_0031_0031.jpg 1 15 9 31 31
0366_0010_0046_0033_0033.jpg 1 10 46 33 33
0367_0030_0038_0028_0028.jpg 1 30 38 28 28
0368_0009_0028_0046_0046.jpg 1 9 28 46 46
0369_0025_0005_0059_0059.jpg 1 25 5 59 59
0370_0029_0021_0053_0053.jpg 1 29 21 53 53
0371_0020_0034_0040_0040.jpg 1 20 34 40 40
0372_0011_0007_0052_0052.jpg 1 11 7 52 52
0373_0027_0031_0034_0034.jpg 1 27 31 34 34
0374_0023_0031_0039_0039.jpg 1 23 31 39 39
0375_0009_0030_0041_0041.jpg 1 9 30 41 41
0376_0036_0031_0053_0053.jpg 1 36 31 53 53
0377_0014_0007_0048_0048.jpg 1 14 7 48 48
0378_0046_0036_0040_0040.jpg 1 46 36 40 40
0379_0010_0006_0054_0054.jpg 1 10 6 54 54
0380_0048_0021_0034_0034.jpg 1 48 21 34 34
0381_0013_0007_0040_0040.jpg 1 13 7 40 40
0382_0006_0008_0040_0040.jpg 1 6 8 40 40
0383_0014_0041_0043_0043.jpg 1 14 41 43 43
0384_0031_0021_0042_0042.jpg 1 31 21 42 42
0385_0027_0025_0063_0063.jpg 1 27 25 63 63
0386_0029_0055_0030_0030.jpg 1 29 55 30 30
0387_0048_0046_0031_0031.jpg 1 48 46 31 31
0388_0040_0008_0041_0041.jpg 1 40 8 41 41
0389_0023_0005_0066_0066.jpg 1 23 5 66 66
0390_0018_0024_0067_0067.jpg 1 18 24 67 67
0391_0014_0008_0058_0058.jpg 1 14 8 58 58
0392_0011_0020_0040_0040.jpg 1 11 20 40 40
0393_0044_0046_0042_0042.jpg 1 44 46 42 42
0394_0019_0012_0061_0061.jpg 1 19 12 61 61
0395_0009_0007_0028_0028.jpg 1 9 7 28 28
0396_0016_0031_0048_0048.jpg 1 16 31 48 48
0397_0010_0027_0048_0048.jpg 1 10 27 48 48
0398_0031_0020_0052_0052.jpg 1 31 20 52 52
0399_0021_0026_0065_0065.jpg 1 21 26 65 65
0400_0023_0023_0067_0067.jpg 1 23 23 67 67
0401_0011_0007_0057_0057.jpg 1 11 7 57 57
0402_0038_0022_0035_0035.jpg 1 38 22 35 35
0403_0016_0007_0042_0042.jpg 1 16 7 42 42
0404_0037_0019_0050_0050.jpg 1 37 19 50 50
0405_0029_0020_0035_0035.jpg 1 29 20 35 35
0406_0027_0052_0033_0033.jpg 1 27 52 33 33
0407_0017_0014_0067_0067.jpg 1 17 14 67 67
0408_0027_0024_0029_0029.jpg 1 27 24 29 29
0409_0030_0030_0044_0044.jpg 1 30 30 44 44
0410_0027_0018_0065_0065.jpg 1 27 18 65 65
0411_0032_0043_0043_0043.jpg 1 32 43 43 43
0412_0020_0004_0059_0059.jpg 1 20 4 59 59
0413_0024_0028_0061_0061.jpg 1 24 28 61 61
0414_0059_0050_0024_0024.jpg 1 59 50 24 24
0415_0012_0005_0066_0066.jpg 1 12 5 66 66
0416_0041_0035_0031_0031.jpg 1 41 35 31 31
0417_0022_0017_0054_0054.jpg 1 22 17 54 54
0418_0030_0044_0041_0041.jpg 1 30 44 41 41
0419_0007_0007_0069_0069.jpg 1 7 7 69 69
0420_0033_0051_0026_0026.jpg 1 33 51 26 26
0421_0019_0039_0038_0038.jpg 1 19 39 38 38
0422_0005_0012_0067_0067.jpg 1 5 12 67 67
0423_0046_0019_0037_0037.jpg 1 46 19 37 37
0424_0032_0028_0059_0059.jpg 1 32 28 59 59
0425_0050_0043_0031_0031.jpg 1 50 43 31 31
0426_0012_0010_0059_0059.jpg 1 12 10 59 59
0427_0030_0018_0036_0036.jpg 1 30 18 36 36
0428_0012_0017_0051_0051.jpg 1 12 17 51 51
0429_0039_0026_0026_0026.jpg 1 39 26 26 26
0430_0020_0039_0042_0042.jpg 1 20 39 42 42
